<?xml version="1.0" ?>
<!DOCTYPE coverage SYSTEM "https://cobertura.sourceforge.net/xml/coverage-04.dtd">
<coverage branch-rate="0" branches-covered="0" branches-valid="0" complexity="0" line-rate="0.6729665879176511" lines-covered="1994" lines-valid="2963" timestamp="1738684812" version="2.0.3">
    <sources>
        <source>/home/runner/work/libshvproto-rs/libshvproto-rs</source>
    </sources>
    <packages>
        <package line-rate="0.6320754716981132" branch-rate="0" name="src.bin" complexity="0">
            <classes>
                <class branch-rate="0" complexity="0" filename="src/bin/cp2cp.rs" line-rate="0.6320754716981132" name="src.bin.cp2cp.rs">
                    <methods>
                        <method name="cp2cp::print_option::&lt;_&gt;" signature="" complexity="0" line-rate="0" branch-rate="0">
                            <lines>
                                <line hits="0" number="44" branch="false"/>
                            </lines>
                        </method>
                        <method name="cp2cp::print_option::&lt;usize&gt;" signature="" complexity="0" line-rate="1" branch-rate="1">
                            <lines>
                                <line hits="5" number="44" branch="false"/>
                            </lines>
                        </method>
                        <method name="cp2cp::print_option::&lt;i64&gt;" signature="" complexity="0" line-rate="1" branch-rate="1">
                            <lines>
                                <line hits="5" number="44" branch="false"/>
                            </lines>
                        </method>
                        <method name="cp2cp::print_option::&lt;u64&gt;" signature="" complexity="0" line-rate="1" branch-rate="1">
                            <lines>
                                <line hits="5" number="44" branch="false"/>
                            </lines>
                        </method>
                        <method name="&lt;cp2cp::Cli as clap_builder::derive::FromArgMatches&gt;::from_arg_matches_mut::{closure#0}" signature="" complexity="0" line-rate="0" branch-rate="0">
                            <lines>
                                <line hits="0" number="19" branch="false"/>
                            </lines>
                        </method>
                        <method name="&lt;cp2cp::Cli as clap_builder::derive::FromArgMatches&gt;::from_arg_matches_mut::{closure#2}" signature="" complexity="0" line-rate="0" branch-rate="0">
                            <lines>
                                <line hits="0" number="24" branch="false"/>
                            </lines>
                        </method>
                        <method name="&lt;cp2cp::Cli as clap_builder::derive::FromArgMatches&gt;::from_arg_matches_mut::{closure#1}" signature="" complexity="0" line-rate="0" branch-rate="0">
                            <lines>
                                <line hits="0" number="21" branch="false"/>
                            </lines>
                        </method>
                        <method name="&lt;cp2cp::Cli as clap_builder::derive::FromArgMatches&gt;::update_from_arg_matches_mut::{closure#0}" signature="" complexity="0" line-rate="0" branch-rate="0">
                            <lines>
                                <line hits="0" number="19" branch="false"/>
                            </lines>
                        </method>
                        <method name="&lt;cp2cp::Cli as clap_builder::derive::FromArgMatches&gt;::update_from_arg_matches_mut::{closure#2}" signature="" complexity="0" line-rate="0" branch-rate="0">
                            <lines>
                                <line hits="0" number="24" branch="false"/>
                            </lines>
                        </method>
                        <method name="&lt;cp2cp::Cli as clap_builder::derive::FromArgMatches&gt;::update_from_arg_matches_mut::{closure#1}" signature="" complexity="0" line-rate="0" branch-rate="0">
                            <lines>
                                <line hits="0" number="21" branch="false"/>
                            </lines>
                        </method>
                        <method name="&lt;cp2cp::Cli as clap_builder::derive::FromArgMatches&gt;::from_arg_matches_mut::{closure#0}" signature="" complexity="0" line-rate="0" branch-rate="0">
                            <lines>
                                <line hits="0" number="19" branch="false"/>
                            </lines>
                        </method>
                        <method name="&lt;cp2cp::Cli as clap_builder::derive::FromArgMatches&gt;::from_arg_matches_mut::{closure#2}" signature="" complexity="0" line-rate="0" branch-rate="0">
                            <lines>
                                <line hits="0" number="24" branch="false"/>
                            </lines>
                        </method>
                        <method name="&lt;cp2cp::Cli as clap_builder::derive::FromArgMatches&gt;::from_arg_matches_mut::{closure#1}" signature="" complexity="0" line-rate="0" branch-rate="0">
                            <lines>
                                <line hits="0" number="21" branch="false"/>
                            </lines>
                        </method>
                        <method name="&lt;cp2cp::Cli as clap_builder::derive::FromArgMatches&gt;::update_from_arg_matches_mut::{closure#0}" signature="" complexity="0" line-rate="0" branch-rate="0">
                            <lines>
                                <line hits="0" number="19" branch="false"/>
                            </lines>
                        </method>
                        <method name="&lt;cp2cp::Cli as clap_builder::derive::FromArgMatches&gt;::update_from_arg_matches_mut::{closure#2}" signature="" complexity="0" line-rate="0" branch-rate="0">
                            <lines>
                                <line hits="0" number="24" branch="false"/>
                            </lines>
                        </method>
                        <method name="&lt;cp2cp::Cli as clap_builder::derive::FromArgMatches&gt;::update_from_arg_matches_mut::{closure#1}" signature="" complexity="0" line-rate="0" branch-rate="0">
                            <lines>
                                <line hits="0" number="21" branch="false"/>
                            </lines>
                        </method>
                        <method name="cp2cp::exit_with_result_and_code" signature="" complexity="0" line-rate="0" branch-rate="0">
                            <lines>
                                <line hits="0" number="51" branch="false"/>
                            </lines>
                        </method>
                        <method name="cp2cp::process_chainpack_rpc_block" signature="" complexity="0" line-rate="0" branch-rate="0">
                            <lines>
                                <line hits="0" number="69" branch="false"/>
                            </lines>
                        </method>
                        <method name="cp2cp::main" signature="" complexity="0" line-rate="0" branch-rate="0">
                            <lines>
                                <line hits="0" number="109" branch="false"/>
                            </lines>
                        </method>
                        <method name="cp2cp::exit_with_result_and_code" signature="" complexity="0" line-rate="1" branch-rate="1">
                            <lines>
                                <line hits="5" number="51" branch="false"/>
                            </lines>
                        </method>
                        <method name="cp2cp::process_chainpack_rpc_block" signature="" complexity="0" line-rate="1" branch-rate="1">
                            <lines>
                                <line hits="5" number="69" branch="false"/>
                            </lines>
                        </method>
                        <method name="cp2cp::main" signature="" complexity="0" line-rate="1" branch-rate="1">
                            <lines>
                                <line hits="5" number="109" branch="false"/>
                            </lines>
                        </method>
                    </methods>
                    <lines>
                        <line branch="false" hits="0" number="19"/>
                        <line branch="false" hits="0" number="21"/>
                        <line branch="false" hits="0" number="24"/>
                        <line branch="false" hits="15" number="44"/>
                        <line branch="false" hits="15" number="45"/>
                        <line branch="false" hits="11" number="46"/>
                        <line branch="false" hits="11" number="47"/>
                        <line branch="false" hits="4" number="48"/>
                        <line branch="false" hits="4" number="49"/>
                        <line branch="false" hits="15" number="50"/>
                        <line branch="false" hits="5" number="51"/>
                        <line branch="false" hits="5" number="52"/>
                        <line branch="false" hits="4" number="53"/>
                        <line branch="false" hits="1" number="54"/>
                        <line branch="false" hits="3" number="56"/>
                        <line branch="false" hits="3" number="57"/>
                        <line branch="false" hits="1" number="61"/>
                        <line branch="false" hits="5" number="63"/>
                        <line branch="false" hits="5" number="64"/>
                        <line branch="false" hits="5" number="65"/>
                        <line branch="false" hits="5" number="66"/>
                        <line branch="false" hits="5" number="67"/>
                        <line branch="false" hits="5" number="69"/>
                        <line branch="false" hits="5" number="70"/>
                        <line branch="false" hits="5" number="71"/>
                        <line branch="false" hits="5" number="72"/>
                        <line branch="false" hits="5" number="73"/>
                        <line branch="false" hits="5" number="74"/>
                        <line branch="false" hits="5" number="75"/>
                        <line branch="false" hits="5" number="76"/>
                        <line branch="false" hits="5" number="77"/>
                        <line branch="false" hits="4" number="78"/>
                        <line branch="false" hits="4" number="79"/>
                        <line branch="false" hits="4" number="80"/>
                        <line branch="false" hits="4" number="81"/>
                        <line branch="false" hits="1" number="82"/>
                        <line branch="false" hits="1" number="83"/>
                        <line branch="false" hits="4" number="86"/>
                        <line branch="false" hits="4" number="87"/>
                        <line branch="false" hits="4" number="88"/>
                        <line branch="false" hits="4" number="89"/>
                        <line branch="false" hits="3" number="90"/>
                        <line branch="false" hits="3" number="91"/>
                        <line branch="false" hits="1" number="92"/>
                        <line branch="false" hits="0" number="95"/>
                        <line branch="false" hits="0" number="96"/>
                        <line branch="false" hits="3" number="99"/>
                        <line branch="false" hits="1" number="100"/>
                        <line branch="false" hits="1" number="101"/>
                        <line branch="false" hits="1" number="102"/>
                        <line branch="false" hits="2" number="104"/>
                        <line branch="false" hits="2" number="105"/>
                        <line branch="false" hits="5" number="109"/>
                        <line branch="false" hits="5" number="110"/>
                        <line branch="false" hits="5" number="111"/>
                        <line branch="false" hits="5" number="112"/>
                        <line branch="false" hits="5" number="113"/>
                        <line branch="false" hits="5" number="114"/>
                        <line branch="false" hits="5" number="115"/>
                        <line branch="false" hits="0" number="116"/>
                        <line branch="false" hits="0" number="117"/>
                        <line branch="false" hits="0" number="118"/>
                        <line branch="false" hits="0" number="120"/>
                        <line branch="false" hits="0" number="122"/>
                        <line branch="false" hits="5" number="124"/>
                        <line branch="false" hits="5" number="125"/>
                        <line branch="false" hits="5" number="126"/>
                        <line branch="false" hits="5" number="127"/>
                        <line branch="false" hits="5" number="128"/>
                        <line branch="false" hits="5" number="129"/>
                        <line branch="false" hits="5" number="130"/>
                        <line branch="false" hits="5" number="131"/>
                        <line branch="false" hits="5" number="133"/>
                        <line branch="false" hits="5" number="134"/>
                        <line branch="false" hits="0" number="135"/>
                        <line branch="false" hits="5" number="138"/>
                        <line branch="false" hits="0" number="139"/>
                        <line branch="false" hits="0" number="140"/>
                        <line branch="false" hits="5" number="141"/>
                        <line branch="false" hits="5" number="142"/>
                        <line branch="false" hits="0" number="144"/>
                        <line branch="false" hits="0" number="145"/>
                        <line branch="false" hits="0" number="147"/>
                        <line branch="false" hits="0" number="148"/>
                        <line branch="false" hits="0" number="149"/>
                        <line branch="false" hits="0" number="150"/>
                        <line branch="false" hits="0" number="152"/>
                        <line branch="false" hits="0" number="153"/>
                        <line branch="false" hits="0" number="154"/>
                        <line branch="false" hits="0" number="155"/>
                        <line branch="false" hits="0" number="156"/>
                        <line branch="false" hits="0" number="157"/>
                        <line branch="false" hits="0" number="159"/>
                        <line branch="false" hits="0" number="160"/>
                        <line branch="false" hits="0" number="161"/>
                        <line branch="false" hits="0" number="162"/>
                        <line branch="false" hits="0" number="163"/>
                        <line branch="false" hits="0" number="164"/>
                        <line branch="false" hits="0" number="165"/>
                        <line branch="false" hits="0" number="166"/>
                        <line branch="false" hits="0" number="167"/>
                        <line branch="false" hits="0" number="169"/>
                        <line branch="false" hits="0" number="170"/>
                        <line branch="false" hits="0" number="171"/>
                        <line branch="false" hits="0" number="172"/>
                        <line branch="false" hits="0" number="173"/>
                    </lines>
                </class>
            </classes>
        </package>
        <package line-rate="0.635589785164167" branch-rate="0" name="src" complexity="0">
            <classes>
                <class branch-rate="0" complexity="0" filename="src/rpcvalue.rs" line-rate="0.7186147186147186" name="src.rpcvalue.rs">
                    <methods>
                        <method name="&lt;shvproto::rpcvalue::RpcValue&gt;::get::&lt;_&gt;" signature="" complexity="0" line-rate="0" branch-rate="0">
                            <lines>
                                <line hits="0" number="1083" branch="false"/>
                            </lines>
                        </method>
                        <method name="&lt;shvproto::rpcvalue::RpcValue&gt;::get::&lt;_&gt;" signature="" complexity="0" line-rate="0" branch-rate="0">
                            <lines>
                                <line hits="0" number="1083" branch="false"/>
                            </lines>
                        </method>
                        <method name="shvproto::rpcvalue::from_map_rpcvalue_for_rpcvalue::&lt;i32&gt;" signature="" complexity="0" line-rate="1" branch-rate="1">
                            <lines>
                                <line hits="2" number="329" branch="false"/>
                            </lines>
                        </method>
                        <method name="shvproto::rpcvalue::from_map_rpcvalue_for_rpcvalue::&lt;_&gt;" signature="" complexity="0" line-rate="0" branch-rate="0">
                            <lines>
                                <line hits="0" number="329" branch="false"/>
                            </lines>
                        </method>
                        <method name="shvproto::rpcvalue::from_vec_rpcvalue_for_rpcvalue::&lt;test::test::EmptyStruct&gt;" signature="" complexity="0" line-rate="1" branch-rate="1">
                            <lines>
                                <line hits="1" number="317" branch="false"/>
                            </lines>
                        </method>
                        <method name="shvproto::rpcvalue::from_vec_rpcvalue_for_rpcvalue::&lt;&amp;str&gt;" signature="" complexity="0" line-rate="1" branch-rate="1">
                            <lines>
                                <line hits="1" number="317" branch="false"/>
                            </lines>
                        </method>
                        <method name="shvproto::rpcvalue::from_vec_rpcvalue_for_rpcvalue::&lt;i32&gt;" signature="" complexity="0" line-rate="1" branch-rate="1">
                            <lines>
                                <line hits="2" number="317" branch="false"/>
                            </lines>
                        </method>
                        <method name="shvproto::rpcvalue::from_vec_rpcvalue_for_rpcvalue::&lt;_&gt;" signature="" complexity="0" line-rate="0" branch-rate="0">
                            <lines>
                                <line hits="0" number="317" branch="false"/>
                            </lines>
                        </method>
                        <method name="shvproto::rpcvalue::from_vec_rpcvalue_for_rpcvalue::&lt;i64&gt;" signature="" complexity="0" line-rate="1" branch-rate="1">
                            <lines>
                                <line hits="1" number="317" branch="false"/>
                            </lines>
                        </method>
                        <method name="shvproto::rpcvalue::from_imap_rpcvalue_for_rpcvalue::&lt;i32&gt;" signature="" complexity="0" line-rate="1" branch-rate="1">
                            <lines>
                                <line hits="2" number="341" branch="false"/>
                            </lines>
                        </method>
                        <method name="shvproto::rpcvalue::from_imap_rpcvalue_for_rpcvalue::&lt;_&gt;" signature="" complexity="0" line-rate="0" branch-rate="0">
                            <lines>
                                <line hits="0" number="341" branch="false"/>
                            </lines>
                        </method>
                        <method name="shvproto::rpcvalue::from_map_rpcvalue_for_rpcvalue::&lt;i32&gt;" signature="" complexity="0" line-rate="1" branch-rate="1">
                            <lines>
                                <line hits="1" number="329" branch="false"/>
                            </lines>
                        </method>
                        <method name="shvproto::rpcvalue::from_vec_rpcvalue_for_rpcvalue::&lt;alloc::string::String&gt;" signature="" complexity="0" line-rate="1" branch-rate="1">
                            <lines>
                                <line hits="1" number="317" branch="false"/>
                            </lines>
                        </method>
                        <method name="shvproto::rpcvalue::from_vec_rpcvalue_for_rpcvalue::&lt;i32&gt;" signature="" complexity="0" line-rate="1" branch-rate="1">
                            <lines>
                                <line hits="1" number="317" branch="false"/>
                            </lines>
                        </method>
                        <method name="shvproto::rpcvalue::from_imap_rpcvalue_for_rpcvalue::&lt;i32&gt;" signature="" complexity="0" line-rate="1" branch-rate="1">
                            <lines>
                                <line hits="1" number="341" branch="false"/>
                            </lines>
                        </method>
                        <method name="shvproto::rpcvalue::from_map_rpcvalue_for_rpcvalue::&lt;i32&gt;::{closure#0}" signature="" complexity="0" line-rate="1" branch-rate="1">
                            <lines>
                                <line hits="2" number="335" branch="false"/>
                            </lines>
                        </method>
                        <method name="shvproto::rpcvalue::from_map_rpcvalue_for_rpcvalue::&lt;_&gt;::{closure#0}" signature="" complexity="0" line-rate="0" branch-rate="0">
                            <lines>
                                <line hits="0" number="335" branch="false"/>
                            </lines>
                        </method>
                        <method name="shvproto::rpcvalue::from_imap_rpcvalue_for_rpcvalue::&lt;i32&gt;::{closure#0}" signature="" complexity="0" line-rate="1" branch-rate="1">
                            <lines>
                                <line hits="2" number="347" branch="false"/>
                            </lines>
                        </method>
                        <method name="shvproto::rpcvalue::from_imap_rpcvalue_for_rpcvalue::&lt;_&gt;::{closure#0}" signature="" complexity="0" line-rate="0" branch-rate="0">
                            <lines>
                                <line hits="0" number="347" branch="false"/>
                            </lines>
                        </method>
                        <method name="shvproto::rpcvalue::from_map_rpcvalue_for_rpcvalue::&lt;i32&gt;::{closure#0}" signature="" complexity="0" line-rate="1" branch-rate="1">
                            <lines>
                                <line hits="2" number="335" branch="false"/>
                            </lines>
                        </method>
                        <method name="shvproto::rpcvalue::from_imap_rpcvalue_for_rpcvalue::&lt;i32&gt;::{closure#0}" signature="" complexity="0" line-rate="1" branch-rate="1">
                            <lines>
                                <line hits="2" number="347" branch="false"/>
                            </lines>
                        </method>
                        <method name="&lt;shvproto::rpcvalue::RpcValue&gt;::to_chainpack::{closure#0}" signature="" complexity="0" line-rate="0" branch-rate="0">
                            <lines>
                                <line hits="0" number="1117" branch="false"/>
                            </lines>
                        </method>
                        <method name="&lt;shvproto::rpcvalue::RpcValue&gt;::to_chainpack::{closure#1}" signature="" complexity="0" line-rate="0" branch-rate="0">
                            <lines>
                                <line hits="0" number="1117" branch="false"/>
                            </lines>
                        </method>
                        <method name="&lt;shvproto::rpcvalue::RpcValue&gt;::to_cpon_indented::{closure#0}" signature="" complexity="0" line-rate="0" branch-rate="0">
                            <lines>
                                <line hits="0" number="1104" branch="false"/>
                            </lines>
                        </method>
                        <method name="&lt;shvproto::rpcvalue::RpcValue&gt;::to_cpon_bytes_indented::{closure#0}" signature="" complexity="0" line-rate="0" branch-rate="0">
                            <lines>
                                <line hits="0" number="1111" branch="false"/>
                            </lines>
                        </method>
                        <method name="&lt;shvproto::rpcvalue::RpcValue&gt;::to_cpon_bytes_indented::{closure#1}" signature="" complexity="0" line-rate="1" branch-rate="1">
                            <lines>
                                <line hits="1" number="1111" branch="false"/>
                            </lines>
                        </method>
                        <method name="&lt;shvproto::rpcvalue::RpcValue&gt;::meta::{closure#0}" signature="" complexity="0" line-rate="1" branch-rate="1">
                            <lines>
                                <line hits="3" number="952" branch="false"/>
                            </lines>
                        </method>
                        <method name="&lt;shvproto::rpcvalue::RpcValue&gt;::to_chainpack::{closure#0}" signature="" complexity="0" line-rate="0" branch-rate="0">
                            <lines>
                                <line hits="0" number="1117" branch="false"/>
                            </lines>
                        </method>
                        <method name="&lt;shvproto::rpcvalue::RpcValue&gt;::to_chainpack::{closure#1}" signature="" complexity="0" line-rate="0" branch-rate="0">
                            <lines>
                                <line hits="0" number="1117" branch="false"/>
                            </lines>
                        </method>
                        <method name="&lt;shvproto::rpcvalue::RpcValue&gt;::to_cpon_indented::{closure#0}" signature="" complexity="0" line-rate="0" branch-rate="0">
                            <lines>
                                <line hits="0" number="1104" branch="false"/>
                            </lines>
                        </method>
                        <method name="&lt;shvproto::rpcvalue::RpcValue&gt;::to_cpon_bytes_indented::{closure#0}" signature="" complexity="0" line-rate="0" branch-rate="0">
                            <lines>
                                <line hits="0" number="1111" branch="false"/>
                            </lines>
                        </method>
                        <method name="&lt;shvproto::rpcvalue::RpcValue&gt;::to_cpon_bytes_indented::{closure#1}" signature="" complexity="0" line-rate="1" branch-rate="1">
                            <lines>
                                <line hits="18" number="1111" branch="false"/>
                            </lines>
                        </method>
                        <method name="&lt;shvproto::rpcvalue::RpcValue&gt;::meta::{closure#0}" signature="" complexity="0" line-rate="1" branch-rate="1">
                            <lines>
                                <line hits="26" number="952" branch="false"/>
                            </lines>
                        </method>
                        <method name="shvproto::rpcvalue::test::rpcval_new::{closure#0}" signature="" complexity="0" line-rate="1" branch-rate="1">
                            <lines>
                                <line hits="2" number="1277" branch="false"/>
                            </lines>
                        </method>
                        <method name="shvproto::rpcvalue::test::rpcval_new::{closure#1}" signature="" complexity="0" line-rate="1" branch-rate="1">
                            <lines>
                                <line hits="2" number="1287" branch="false"/>
                            </lines>
                        </method>
                        <method name="&lt;alloc::vec::Vec&lt;_&gt; as core::convert::TryFrom&lt;&amp;shvproto::rpcvalue::RpcValue&gt;&gt;::try_from::{closure#0}" signature="" complexity="0" line-rate="0" branch-rate="0">
                            <lines>
                                <line hits="0" number="757" branch="false"/>
                            </lines>
                        </method>
                        <method name="&lt;alloc::vec::Vec&lt;_&gt; as core::convert::TryFrom&lt;shvproto::rpcvalue::RpcValue&gt;&gt;::try_from::{closure#0}" signature="" complexity="0" line-rate="0" branch-rate="0">
                            <lines>
                                <line hits="0" number="775" branch="false"/>
                            </lines>
                        </method>
                        <method name="&lt;alloc::collections::btree::map::BTreeMap&lt;alloc::string::String, _&gt; as core::convert::TryFrom&lt;&amp;shvproto::rpcvalue::RpcValue&gt;&gt;::try_from::{closure#0}" signature="" complexity="0" line-rate="0" branch-rate="0">
                            <lines>
                                <line hits="0" number="794" branch="false"/>
                            </lines>
                        </method>
                        <method name="&lt;alloc::collections::btree::map::BTreeMap&lt;alloc::string::String, _&gt; as core::convert::TryFrom&lt;shvproto::rpcvalue::RpcValue&gt;&gt;::try_from::{closure#0}" signature="" complexity="0" line-rate="0" branch-rate="0">
                            <lines>
                                <line hits="0" number="810" branch="false"/>
                            </lines>
                        </method>
                        <method name="&lt;alloc::collections::btree::map::BTreeMap&lt;i32, _&gt; as core::convert::TryFrom&lt;&amp;shvproto::rpcvalue::RpcValue&gt;&gt;::try_from::{closure#0}" signature="" complexity="0" line-rate="0" branch-rate="0">
                            <lines>
                                <line hits="0" number="829" branch="false"/>
                            </lines>
                        </method>
                        <method name="&lt;alloc::collections::btree::map::BTreeMap&lt;i32, _&gt; as core::convert::TryFrom&lt;shvproto::rpcvalue::RpcValue&gt;&gt;::try_from::{closure#0}" signature="" complexity="0" line-rate="0" branch-rate="0">
                            <lines>
                                <line hits="0" number="848" branch="false"/>
                            </lines>
                        </method>
                        <method name="&lt;i32 as core::convert::TryFrom&lt;&amp;shvproto::rpcvalue::Value&gt;&gt;::try_from::{closure#0}" signature="" complexity="0" line-rate="0" branch-rate="0">
                            <lines>
                                <line hits="0" number="479" branch="false"/>
                            </lines>
                        </method>
                        <method name="&lt;i32 as core::convert::TryFrom&lt;&amp;shvproto::rpcvalue::Value&gt;&gt;::try_from::{closure#1}" signature="" complexity="0" line-rate="0" branch-rate="0">
                            <lines>
                                <line hits="0" number="480" branch="false"/>
                            </lines>
                        </method>
                        <method name="&lt;i32 as core::convert::TryFrom&lt;&amp;shvproto::rpcvalue::Value&gt;&gt;::try_from::{closure#0}" signature="" complexity="0" line-rate="0" branch-rate="0">
                            <lines>
                                <line hits="0" number="479" branch="false"/>
                            </lines>
                        </method>
                        <method name="&lt;i32 as core::convert::TryFrom&lt;&amp;shvproto::rpcvalue::Value&gt;&gt;::try_from::{closure#1}" signature="" complexity="0" line-rate="0" branch-rate="0">
                            <lines>
                                <line hits="0" number="480" branch="false"/>
                            </lines>
                        </method>
                        <method name="&lt;i64 as core::convert::TryFrom&lt;&amp;shvproto::rpcvalue::Value&gt;&gt;::try_from::{closure#0}" signature="" complexity="0" line-rate="0" branch-rate="0">
                            <lines>
                                <line hits="0" number="479" branch="false"/>
                            </lines>
                        </method>
                        <method name="&lt;i64 as core::convert::TryFrom&lt;&amp;shvproto::rpcvalue::Value&gt;&gt;::try_from::{closure#1}" signature="" complexity="0" line-rate="0" branch-rate="0">
                            <lines>
                                <line hits="0" number="480" branch="false"/>
                            </lines>
                        </method>
                        <method name="&lt;i64 as core::convert::TryFrom&lt;&amp;shvproto::rpcvalue::Value&gt;&gt;::try_from::{closure#0}" signature="" complexity="0" line-rate="0" branch-rate="0">
                            <lines>
                                <line hits="0" number="479" branch="false"/>
                            </lines>
                        </method>
                        <method name="&lt;i64 as core::convert::TryFrom&lt;&amp;shvproto::rpcvalue::Value&gt;&gt;::try_from::{closure#1}" signature="" complexity="0" line-rate="0" branch-rate="0">
                            <lines>
                                <line hits="0" number="480" branch="false"/>
                            </lines>
                        </method>
                        <method name="&lt;isize as core::convert::TryFrom&lt;&amp;shvproto::rpcvalue::Value&gt;&gt;::try_from::{closure#0}" signature="" complexity="0" line-rate="0" branch-rate="0">
                            <lines>
                                <line hits="0" number="479" branch="false"/>
                            </lines>
                        </method>
                        <method name="&lt;isize as core::convert::TryFrom&lt;&amp;shvproto::rpcvalue::Value&gt;&gt;::try_from::{closure#1}" signature="" complexity="0" line-rate="0" branch-rate="0">
                            <lines>
                                <line hits="0" number="480" branch="false"/>
                            </lines>
                        </method>
                        <method name="&lt;isize as core::convert::TryFrom&lt;&amp;shvproto::rpcvalue::Value&gt;&gt;::try_from::{closure#0}" signature="" complexity="0" line-rate="0" branch-rate="0">
                            <lines>
                                <line hits="0" number="479" branch="false"/>
                            </lines>
                        </method>
                        <method name="&lt;isize as core::convert::TryFrom&lt;&amp;shvproto::rpcvalue::Value&gt;&gt;::try_from::{closure#1}" signature="" complexity="0" line-rate="0" branch-rate="0">
                            <lines>
                                <line hits="0" number="480" branch="false"/>
                            </lines>
                        </method>
                        <method name="&lt;usize as core::convert::TryFrom&lt;&amp;shvproto::rpcvalue::Value&gt;&gt;::try_from::{closure#0}" signature="" complexity="0" line-rate="0" branch-rate="0">
                            <lines>
                                <line hits="0" number="479" branch="false"/>
                            </lines>
                        </method>
                        <method name="&lt;usize as core::convert::TryFrom&lt;&amp;shvproto::rpcvalue::Value&gt;&gt;::try_from::{closure#1}" signature="" complexity="0" line-rate="0" branch-rate="0">
                            <lines>
                                <line hits="0" number="480" branch="false"/>
                            </lines>
                        </method>
                        <method name="&lt;usize as core::convert::TryFrom&lt;&amp;shvproto::rpcvalue::Value&gt;&gt;::try_from::{closure#0}" signature="" complexity="0" line-rate="0" branch-rate="0">
                            <lines>
                                <line hits="0" number="479" branch="false"/>
                            </lines>
                        </method>
                        <method name="&lt;usize as core::convert::TryFrom&lt;&amp;shvproto::rpcvalue::Value&gt;&gt;::try_from::{closure#1}" signature="" complexity="0" line-rate="0" branch-rate="0">
                            <lines>
                                <line hits="0" number="480" branch="false"/>
                            </lines>
                        </method>
                        <method name="&lt;u32 as core::convert::TryFrom&lt;&amp;shvproto::rpcvalue::Value&gt;&gt;::try_from::{closure#0}" signature="" complexity="0" line-rate="0" branch-rate="0">
                            <lines>
                                <line hits="0" number="479" branch="false"/>
                            </lines>
                        </method>
                        <method name="&lt;u32 as core::convert::TryFrom&lt;&amp;shvproto::rpcvalue::Value&gt;&gt;::try_from::{closure#1}" signature="" complexity="0" line-rate="0" branch-rate="0">
                            <lines>
                                <line hits="0" number="480" branch="false"/>
                            </lines>
                        </method>
                        <method name="&lt;u32 as core::convert::TryFrom&lt;&amp;shvproto::rpcvalue::Value&gt;&gt;::try_from::{closure#0}" signature="" complexity="0" line-rate="0" branch-rate="0">
                            <lines>
                                <line hits="0" number="479" branch="false"/>
                            </lines>
                        </method>
                        <method name="&lt;u32 as core::convert::TryFrom&lt;&amp;shvproto::rpcvalue::Value&gt;&gt;::try_from::{closure#1}" signature="" complexity="0" line-rate="0" branch-rate="0">
                            <lines>
                                <line hits="0" number="480" branch="false"/>
                            </lines>
                        </method>
                        <method name="&lt;u64 as core::convert::TryFrom&lt;&amp;shvproto::rpcvalue::Value&gt;&gt;::try_from::{closure#0}" signature="" complexity="0" line-rate="0" branch-rate="0">
                            <lines>
                                <line hits="0" number="479" branch="false"/>
                            </lines>
                        </method>
                        <method name="&lt;u64 as core::convert::TryFrom&lt;&amp;shvproto::rpcvalue::Value&gt;&gt;::try_from::{closure#1}" signature="" complexity="0" line-rate="0" branch-rate="0">
                            <lines>
                                <line hits="0" number="480" branch="false"/>
                            </lines>
                        </method>
                        <method name="&lt;u64 as core::convert::TryFrom&lt;&amp;shvproto::rpcvalue::Value&gt;&gt;::try_from::{closure#0}" signature="" complexity="0" line-rate="0" branch-rate="0">
                            <lines>
                                <line hits="0" number="479" branch="false"/>
                            </lines>
                        </method>
                        <method name="&lt;u64 as core::convert::TryFrom&lt;&amp;shvproto::rpcvalue::Value&gt;&gt;::try_from::{closure#1}" signature="" complexity="0" line-rate="0" branch-rate="0">
                            <lines>
                                <line hits="0" number="480" branch="false"/>
                            </lines>
                        </method>
                        <method name="&lt;alloc::vec::Vec&lt;test::test::EmptyStruct&gt; as core::convert::TryFrom&lt;&amp;shvproto::rpcvalue::RpcValue&gt;&gt;::try_from::{closure#0}" signature="" complexity="0" line-rate="0" branch-rate="0">
                            <lines>
                                <line hits="0" number="757" branch="false"/>
                            </lines>
                        </method>
                        <method name="&lt;alloc::vec::Vec&lt;i32&gt; as core::convert::TryFrom&lt;&amp;shvproto::rpcvalue::RpcValue&gt;&gt;::try_from::{closure#0}" signature="" complexity="0" line-rate="0" branch-rate="0">
                            <lines>
                                <line hits="0" number="757" branch="false"/>
                            </lines>
                        </method>
                        <method name="&lt;alloc::vec::Vec&lt;i64&gt; as core::convert::TryFrom&lt;&amp;shvproto::rpcvalue::RpcValue&gt;&gt;::try_from::{closure#0}" signature="" complexity="0" line-rate="0" branch-rate="0">
                            <lines>
                                <line hits="0" number="757" branch="false"/>
                            </lines>
                        </method>
                        <method name="&lt;alloc::vec::Vec&lt;i32&gt; as core::convert::TryFrom&lt;&amp;shvproto::rpcvalue::RpcValue&gt;&gt;::try_from::{closure#0}" signature="" complexity="0" line-rate="0" branch-rate="0">
                            <lines>
                                <line hits="0" number="757" branch="false"/>
                            </lines>
                        </method>
                        <method name="&lt;alloc::vec::Vec&lt;alloc::string::String&gt; as core::convert::TryFrom&lt;shvproto::rpcvalue::RpcValue&gt;&gt;::try_from::{closure#0}" signature="" complexity="0" line-rate="0" branch-rate="0">
                            <lines>
                                <line hits="0" number="775" branch="false"/>
                            </lines>
                        </method>
                        <method name="&lt;alloc::vec::Vec&lt;i32&gt; as core::convert::TryFrom&lt;shvproto::rpcvalue::RpcValue&gt;&gt;::try_from::{closure#0}" signature="" complexity="0" line-rate="0" branch-rate="0">
                            <lines>
                                <line hits="0" number="775" branch="false"/>
                            </lines>
                        </method>
                        <method name="&lt;alloc::collections::btree::map::BTreeMap&lt;alloc::string::String, i32&gt; as core::convert::TryFrom&lt;&amp;shvproto::rpcvalue::RpcValue&gt;&gt;::try_from::{closure#0}" signature="" complexity="0" line-rate="0" branch-rate="0">
                            <lines>
                                <line hits="0" number="794" branch="false"/>
                            </lines>
                        </method>
                        <method name="&lt;alloc::collections::btree::map::BTreeMap&lt;alloc::string::String, i32&gt; as core::convert::TryFrom&lt;&amp;shvproto::rpcvalue::RpcValue&gt;&gt;::try_from::{closure#0}" signature="" complexity="0" line-rate="0" branch-rate="0">
                            <lines>
                                <line hits="0" number="794" branch="false"/>
                            </lines>
                        </method>
                        <method name="&lt;alloc::collections::btree::map::BTreeMap&lt;alloc::string::String, i32&gt; as core::convert::TryFrom&lt;shvproto::rpcvalue::RpcValue&gt;&gt;::try_from::{closure#0}" signature="" complexity="0" line-rate="0" branch-rate="0">
                            <lines>
                                <line hits="0" number="810" branch="false"/>
                            </lines>
                        </method>
                        <method name="&lt;alloc::collections::btree::map::BTreeMap&lt;i32, i32&gt; as core::convert::TryFrom&lt;&amp;shvproto::rpcvalue::RpcValue&gt;&gt;::try_from::{closure#0}" signature="" complexity="0" line-rate="0" branch-rate="0">
                            <lines>
                                <line hits="0" number="829" branch="false"/>
                            </lines>
                        </method>
                        <method name="&lt;alloc::collections::btree::map::BTreeMap&lt;i32, f64&gt; as core::convert::TryFrom&lt;&amp;shvproto::rpcvalue::RpcValue&gt;&gt;::try_from::{closure#0}" signature="" complexity="0" line-rate="0" branch-rate="0">
                            <lines>
                                <line hits="0" number="829" branch="false"/>
                            </lines>
                        </method>
                        <method name="&lt;alloc::collections::btree::map::BTreeMap&lt;i32, f64&gt; as core::convert::TryFrom&lt;shvproto::rpcvalue::RpcValue&gt;&gt;::try_from::{closure#0}" signature="" complexity="0" line-rate="0" branch-rate="0">
                            <lines>
                                <line hits="0" number="848" branch="false"/>
                            </lines>
                        </method>
                        <method name="&lt;alloc::collections::btree::map::BTreeMap&lt;i32, i32&gt; as core::convert::TryFrom&lt;shvproto::rpcvalue::RpcValue&gt;&gt;::try_from::{closure#0}" signature="" complexity="0" line-rate="0" branch-rate="0">
                            <lines>
                                <line hits="0" number="848" branch="false"/>
                            </lines>
                        </method>
                        <method name="&lt;shvproto::rpcvalue::Value&gt;::is_default_value" signature="" complexity="0" line-rate="0" branch-rate="0">
                            <lines>
                                <line hits="0" number="71" branch="false"/>
                            </lines>
                        </method>
                        <method name="&lt;shvproto::rpcvalue::Value&gt;::type_name" signature="" complexity="0" line-rate="1" branch-rate="1">
                            <lines>
                                <line hits="8" number="55" branch="false"/>
                            </lines>
                        </method>
                        <method name="&lt;shvproto::rpcvalue::Value&gt;::is_default_value" signature="" complexity="0" line-rate="0" branch-rate="0">
                            <lines>
                                <line hits="0" number="71" branch="false"/>
                            </lines>
                        </method>
                        <method name="&lt;shvproto::rpcvalue::Value&gt;::type_name" signature="" complexity="0" line-rate="0" branch-rate="0">
                            <lines>
                                <line hits="0" number="55" branch="false"/>
                            </lines>
                        </method>
                        <method name="&lt;shvproto::rpcvalue::RpcValue&gt;::as_decimal" signature="" complexity="0" line-rate="0" branch-rate="0">
                            <lines>
                                <line hits="0" number="1041" branch="false"/>
                            </lines>
                        </method>
                        <method name="&lt;shvproto::rpcvalue::RpcValue&gt;::clear_meta" signature="" complexity="0" line-rate="0" branch-rate="0">
                            <lines>
                                <line hits="0" number="959" branch="false"/>
                            </lines>
                        </method>
                        <method name="&lt;shvproto::rpcvalue::RpcValue&gt;::is_decimal" signature="" complexity="0" line-rate="0" branch-rate="0">
                            <lines>
                                <line hits="0" number="857" branch="false"/>
                            </lines>
                        </method>
                        <method name="&lt;shvproto::rpcvalue::RpcValue&gt;::as_datetime" signature="" complexity="0" line-rate="0" branch-rate="0">
                            <lines>
                                <line hits="0" number="1029" branch="false"/>
                            </lines>
                        </method>
                        <method name="&lt;shvproto::rpcvalue::RpcValue&gt;::to_datetime" signature="" complexity="0" line-rate="0" branch-rate="0">
                            <lines>
                                <line hits="0" number="1035" branch="false"/>
                            </lines>
                        </method>
                        <method name="&lt;shvproto::rpcvalue::RpcValue&gt;::to_chainpack" signature="" complexity="0" line-rate="0" branch-rate="0">
                            <lines>
                                <line hits="0" number="1113" branch="false"/>
                            </lines>
                        </method>
                        <method name="&lt;shvproto::rpcvalue::RpcValue&gt;::from_chainpack" signature="" complexity="0" line-rate="0" branch-rate="0">
                            <lines>
                                <line hits="0" number="1125" branch="false"/>
                            </lines>
                        </method>
                        <method name="&lt;shvproto::rpcvalue::RpcValue&gt;::is_default_value" signature="" complexity="0" line-rate="0" branch-rate="0">
                            <lines>
                                <line hits="0" number="984" branch="false"/>
                            </lines>
                        </method>
                        <method name="&lt;shvproto::rpcvalue::RpcValue&gt;::to_cpon_indented" signature="" complexity="0" line-rate="1" branch-rate="1">
                            <lines>
                                <line hits="1" number="1102" branch="false"/>
                            </lines>
                        </method>
                        <method name="&lt;shvproto::rpcvalue::RpcValue&gt;::to_cpon_bytes_indented" signature="" complexity="0" line-rate="1" branch-rate="1">
                            <lines>
                                <line hits="1" number="1106" branch="false"/>
                            </lines>
                        </method>
                        <method name="&lt;shvproto::rpcvalue::RpcValue&gt;::new" signature="" complexity="0" line-rate="1" branch-rate="1">
                            <lines>
                                <line hits="18" number="907" branch="false"/>
                            </lines>
                        </method>
                        <method name="&lt;shvproto::rpcvalue::RpcValue&gt;::meta" signature="" complexity="0" line-rate="1" branch-rate="1">
                            <lines>
                                <line hits="6" number="950" branch="false"/>
                            </lines>
                        </method>
                        <method name="&lt;shvproto::rpcvalue::RpcValue&gt;::null" signature="" complexity="0" line-rate="0" branch-rate="0">
                            <lines>
                                <line hits="0" number="901" branch="false"/>
                            </lines>
                        </method>
                        <method name="&lt;shvproto::rpcvalue::RpcValue&gt;::value" signature="" complexity="0" line-rate="1" branch-rate="1">
                            <lines>
                                <line hits="60" number="963" branch="false"/>
                            </lines>
                        </method>
                        <method name="&lt;shvproto::rpcvalue::RpcValue&gt;::as_f64" signature="" complexity="0" line-rate="0" branch-rate="0">
                            <lines>
                                <line hits="0" number="1016" branch="false"/>
                            </lines>
                        </method>
                        <method name="&lt;shvproto::rpcvalue::RpcValue&gt;::as_i32" signature="" complexity="0" line-rate="1" branch-rate="1">
                            <lines>
                                <line hits="3" number="1003" branch="false"/>
                            </lines>
                        </method>
                        <method name="&lt;shvproto::rpcvalue::RpcValue&gt;::as_i64" signature="" complexity="0" line-rate="1" branch-rate="1">
                            <lines>
                                <line hits="8" number="996" branch="false"/>
                            </lines>
                        </method>
                        <method name="&lt;shvproto::rpcvalue::RpcValue&gt;::as_int" signature="" complexity="0" line-rate="1" branch-rate="1">
                            <lines>
                                <line hits="5" number="993" branch="false"/>
                            </lines>
                        </method>
                        <method name="&lt;shvproto::rpcvalue::RpcValue&gt;::as_map" signature="" complexity="0" line-rate="0" branch-rate="0">
                            <lines>
                                <line hits="0" number="1071" branch="false"/>
                            </lines>
                        </method>
                        <method name="&lt;shvproto::rpcvalue::RpcValue&gt;::as_str" signature="" complexity="0" line-rate="1" branch-rate="1">
                            <lines>
                                <line hits="1" number="1059" branch="false"/>
                            </lines>
                        </method>
                        <method name="&lt;shvproto::rpcvalue::RpcValue&gt;::as_u32" signature="" complexity="0" line-rate="0" branch-rate="0">
                            <lines>
                                <line hits="0" number="1013" branch="false"/>
                            </lines>
                        </method>
                        <method name="&lt;shvproto::rpcvalue::RpcValue&gt;::as_u64" signature="" complexity="0" line-rate="0" branch-rate="0">
                            <lines>
                                <line hits="0" number="1006" branch="false"/>
                            </lines>
                        </method>
                        <method name="&lt;shvproto::rpcvalue::RpcValue&gt;::is_int" signature="" complexity="0" line-rate="1" branch-rate="1">
                            <lines>
                                <line hits="3" number="857" branch="false"/>
                            </lines>
                        </method>
                        <method name="&lt;shvproto::rpcvalue::RpcValue&gt;::is_map" signature="" complexity="0" line-rate="0" branch-rate="0">
                            <lines>
                                <line hits="0" number="857" branch="false"/>
                            </lines>
                        </method>
                        <method name="&lt;shvproto::rpcvalue::RpcValue&gt;::as_blob" signature="" complexity="0" line-rate="0" branch-rate="0">
                            <lines>
                                <line hits="0" number="1053" branch="false"/>
                            </lines>
                        </method>
                        <method name="&lt;shvproto::rpcvalue::RpcValue&gt;::as_bool" signature="" complexity="0" line-rate="0" branch-rate="0">
                            <lines>
                                <line hits="0" number="987" branch="false"/>
                            </lines>
                        </method>
                        <method name="&lt;shvproto::rpcvalue::RpcValue&gt;::as_imap" signature="" complexity="0" line-rate="0" branch-rate="0">
                            <lines>
                                <line hits="0" number="1077" branch="false"/>
                            </lines>
                        </method>
                        <method name="&lt;shvproto::rpcvalue::RpcValue&gt;::as_list" signature="" complexity="0" line-rate="0" branch-rate="0">
                            <lines>
                                <line hits="0" number="1065" branch="false"/>
                            </lines>
                        </method>
                        <method name="&lt;shvproto::rpcvalue::RpcValue&gt;::is_blob" signature="" complexity="0" line-rate="0" branch-rate="0">
                            <lines>
                                <line hits="0" number="857" branch="false"/>
                            </lines>
                        </method>
                        <method name="&lt;shvproto::rpcvalue::RpcValue&gt;::is_bool" signature="" complexity="0" line-rate="0" branch-rate="0">
                            <lines>
                                <line hits="0" number="857" branch="false"/>
                            </lines>
                        </method>
                        <method name="&lt;shvproto::rpcvalue::RpcValue&gt;::is_imap" signature="" complexity="0" line-rate="1" branch-rate="1">
                            <lines>
                                <line hits="1" number="857" branch="false"/>
                            </lines>
                        </method>
                        <method name="&lt;shvproto::rpcvalue::RpcValue&gt;::is_list" signature="" complexity="0" line-rate="0" branch-rate="0">
                            <lines>
                                <line hits="0" number="857" branch="false"/>
                            </lines>
                        </method>
                        <method name="&lt;shvproto::rpcvalue::RpcValue&gt;::is_null" signature="" complexity="0" line-rate="0" branch-rate="0">
                            <lines>
                                <line hits="0" number="857" branch="false"/>
                            </lines>
                        </method>
                        <method name="&lt;shvproto::rpcvalue::RpcValue&gt;::to_cpon" signature="" complexity="0" line-rate="1" branch-rate="1">
                            <lines>
                                <line hits="1" number="1099" branch="false"/>
                            </lines>
                        </method>
                        <method name="&lt;shvproto::rpcvalue::RpcValue&gt;::as_usize" signature="" complexity="0" line-rate="0" branch-rate="0">
                            <lines>
                                <line hits="0" number="1022" branch="false"/>
                            </lines>
                        </method>
                        <method name="&lt;shvproto::rpcvalue::RpcValue&gt;::has_meta" signature="" complexity="0" line-rate="0" branch-rate="0">
                            <lines>
                                <line hits="0" number="947" branch="false"/>
                            </lines>
                        </method>
                        <method name="&lt;shvproto::rpcvalue::RpcValue&gt;::meta_mut" signature="" complexity="0" line-rate="0" branch-rate="0">
                            <lines>
                                <line hits="0" number="956" branch="false"/>
                            </lines>
                        </method>
                        <method name="&lt;shvproto::rpcvalue::RpcValue&gt;::set_meta" signature="" complexity="0" line-rate="0" branch-rate="0">
                            <lines>
                                <line hits="0" number="943" branch="false"/>
                            </lines>
                        </method>
                        <method name="&lt;shvproto::rpcvalue::RpcValue&gt;::from_cpon" signature="" complexity="0" line-rate="1" branch-rate="1">
                            <lines>
                                <line hits="1" number="1120" branch="false"/>
                            </lines>
                        </method>
                        <method name="&lt;shvproto::rpcvalue::RpcValue&gt;::is_string" signature="" complexity="0" line-rate="0" branch-rate="0">
                            <lines>
                                <line hits="0" number="857" branch="false"/>
                            </lines>
                        </method>
                        <method name="&lt;shvproto::rpcvalue::RpcValue&gt;::type_name" signature="" complexity="0" line-rate="1" branch-rate="1">
                            <lines>
                                <line hits="3" number="970" branch="false"/>
                            </lines>
                        </method>
                        <method name="&lt;shvproto::rpcvalue::RpcValue&gt;::value_mut" signature="" complexity="0" line-rate="0" branch-rate="0">
                            <lines>
                                <line hits="0" number="966" branch="false"/>
                            </lines>
                        </method>
                        <method name="&lt;shvproto::rpcvalue::RpcValue&gt;::as_decimal" signature="" complexity="0" line-rate="1" branch-rate="1">
                            <lines>
                                <line hits="7" number="1041" branch="false"/>
                            </lines>
                        </method>
                        <method name="&lt;shvproto::rpcvalue::RpcValue&gt;::clear_meta" signature="" complexity="0" line-rate="0" branch-rate="0">
                            <lines>
                                <line hits="0" number="959" branch="false"/>
                            </lines>
                        </method>
                        <method name="&lt;shvproto::rpcvalue::RpcValue&gt;::is_decimal" signature="" complexity="0" line-rate="0" branch-rate="0">
                            <lines>
                                <line hits="0" number="857" branch="false"/>
                            </lines>
                        </method>
                        <method name="&lt;shvproto::rpcvalue::RpcValue&gt;::as_datetime" signature="" complexity="0" line-rate="1" branch-rate="1">
                            <lines>
                                <line hits="9" number="1029" branch="false"/>
                            </lines>
                        </method>
                        <method name="&lt;shvproto::rpcvalue::RpcValue&gt;::to_datetime" signature="" complexity="0" line-rate="0" branch-rate="0">
                            <lines>
                                <line hits="0" number="1035" branch="false"/>
                            </lines>
                        </method>
                        <method name="&lt;shvproto::rpcvalue::RpcValue&gt;::to_chainpack" signature="" complexity="0" line-rate="0" branch-rate="0">
                            <lines>
                                <line hits="0" number="1113" branch="false"/>
                            </lines>
                        </method>
                        <method name="&lt;shvproto::rpcvalue::RpcValue&gt;::from_chainpack" signature="" complexity="0" line-rate="0" branch-rate="0">
                            <lines>
                                <line hits="0" number="1125" branch="false"/>
                            </lines>
                        </method>
                        <method name="&lt;shvproto::rpcvalue::RpcValue&gt;::is_default_value" signature="" complexity="0" line-rate="0" branch-rate="0">
                            <lines>
                                <line hits="0" number="984" branch="false"/>
                            </lines>
                        </method>
                        <method name="&lt;shvproto::rpcvalue::RpcValue&gt;::to_cpon_indented" signature="" complexity="0" line-rate="1" branch-rate="1">
                            <lines>
                                <line hits="18" number="1102" branch="false"/>
                            </lines>
                        </method>
                        <method name="&lt;shvproto::rpcvalue::RpcValue&gt;::to_cpon_bytes_indented" signature="" complexity="0" line-rate="1" branch-rate="1">
                            <lines>
                                <line hits="18" number="1106" branch="false"/>
                            </lines>
                        </method>
                        <method name="&lt;shvproto::rpcvalue::RpcValue&gt;::new" signature="" complexity="0" line-rate="1" branch-rate="1">
                            <lines>
                                <line hits="81" number="907" branch="false"/>
                            </lines>
                        </method>
                        <method name="&lt;shvproto::rpcvalue::RpcValue&gt;::meta" signature="" complexity="0" line-rate="1" branch-rate="1">
                            <lines>
                                <line hits="26" number="950" branch="false"/>
                            </lines>
                        </method>
                        <method name="&lt;shvproto::rpcvalue::RpcValue&gt;::null" signature="" complexity="0" line-rate="1" branch-rate="1">
                            <lines>
                                <line hits="1" number="901" branch="false"/>
                            </lines>
                        </method>
                        <method name="&lt;shvproto::rpcvalue::RpcValue&gt;::value" signature="" complexity="0" line-rate="1" branch-rate="1">
                            <lines>
                                <line hits="38" number="963" branch="false"/>
                            </lines>
                        </method>
                        <method name="&lt;shvproto::rpcvalue::RpcValue&gt;::as_f64" signature="" complexity="0" line-rate="1" branch-rate="1">
                            <lines>
                                <line hits="2" number="1016" branch="false"/>
                            </lines>
                        </method>
                        <method name="&lt;shvproto::rpcvalue::RpcValue&gt;::as_i32" signature="" complexity="0" line-rate="1" branch-rate="1">
                            <lines>
                                <line hits="8" number="1003" branch="false"/>
                            </lines>
                        </method>
                        <method name="&lt;shvproto::rpcvalue::RpcValue&gt;::as_i64" signature="" complexity="0" line-rate="1" branch-rate="1">
                            <lines>
                                <line hits="23" number="996" branch="false"/>
                            </lines>
                        </method>
                        <method name="&lt;shvproto::rpcvalue::RpcValue&gt;::as_int" signature="" complexity="0" line-rate="1" branch-rate="1">
                            <lines>
                                <line hits="15" number="993" branch="false"/>
                            </lines>
                        </method>
                        <method name="&lt;shvproto::rpcvalue::RpcValue&gt;::as_map" signature="" complexity="0" line-rate="1" branch-rate="1">
                            <lines>
                                <line hits="3" number="1071" branch="false"/>
                            </lines>
                        </method>
                        <method name="&lt;shvproto::rpcvalue::RpcValue&gt;::as_str" signature="" complexity="0" line-rate="1" branch-rate="1">
                            <lines>
                                <line hits="7" number="1059" branch="false"/>
                            </lines>
                        </method>
                        <method name="&lt;shvproto::rpcvalue::RpcValue&gt;::as_u32" signature="" complexity="0" line-rate="0" branch-rate="0">
                            <lines>
                                <line hits="0" number="1013" branch="false"/>
                            </lines>
                        </method>
                        <method name="&lt;shvproto::rpcvalue::RpcValue&gt;::as_u64" signature="" complexity="0" line-rate="0" branch-rate="0">
                            <lines>
                                <line hits="0" number="1006" branch="false"/>
                            </lines>
                        </method>
                        <method name="&lt;shvproto::rpcvalue::RpcValue&gt;::is_int" signature="" complexity="0" line-rate="1" branch-rate="1">
                            <lines>
                                <line hits="2" number="857" branch="false"/>
                            </lines>
                        </method>
                        <method name="&lt;shvproto::rpcvalue::RpcValue&gt;::is_map" signature="" complexity="0" line-rate="0" branch-rate="0">
                            <lines>
                                <line hits="0" number="857" branch="false"/>
                            </lines>
                        </method>
                        <method name="&lt;shvproto::rpcvalue::RpcValue&gt;::as_blob" signature="" complexity="0" line-rate="1" branch-rate="1">
                            <lines>
                                <line hits="2" number="1053" branch="false"/>
                            </lines>
                        </method>
                        <method name="&lt;shvproto::rpcvalue::RpcValue&gt;::as_bool" signature="" complexity="0" line-rate="1" branch-rate="1">
                            <lines>
                                <line hits="1" number="987" branch="false"/>
                            </lines>
                        </method>
                        <method name="&lt;shvproto::rpcvalue::RpcValue&gt;::as_imap" signature="" complexity="0" line-rate="1" branch-rate="1">
                            <lines>
                                <line hits="3" number="1077" branch="false"/>
                            </lines>
                        </method>
                        <method name="&lt;shvproto::rpcvalue::RpcValue&gt;::as_list" signature="" complexity="0" line-rate="1" branch-rate="1">
                            <lines>
                                <line hits="3" number="1065" branch="false"/>
                            </lines>
                        </method>
                        <method name="&lt;shvproto::rpcvalue::RpcValue&gt;::is_blob" signature="" complexity="0" line-rate="0" branch-rate="0">
                            <lines>
                                <line hits="0" number="857" branch="false"/>
                            </lines>
                        </method>
                        <method name="&lt;shvproto::rpcvalue::RpcValue&gt;::is_bool" signature="" complexity="0" line-rate="0" branch-rate="0">
                            <lines>
                                <line hits="0" number="857" branch="false"/>
                            </lines>
                        </method>
                        <method name="&lt;shvproto::rpcvalue::RpcValue&gt;::is_imap" signature="" complexity="0" line-rate="1" branch-rate="1">
                            <lines>
                                <line hits="2" number="857" branch="false"/>
                            </lines>
                        </method>
                        <method name="&lt;shvproto::rpcvalue::RpcValue&gt;::is_list" signature="" complexity="0" line-rate="0" branch-rate="0">
                            <lines>
                                <line hits="0" number="857" branch="false"/>
                            </lines>
                        </method>
                        <method name="&lt;shvproto::rpcvalue::RpcValue&gt;::is_null" signature="" complexity="0" line-rate="0" branch-rate="0">
                            <lines>
                                <line hits="0" number="857" branch="false"/>
                            </lines>
                        </method>
                        <method name="&lt;shvproto::rpcvalue::RpcValue&gt;::to_cpon" signature="" complexity="0" line-rate="1" branch-rate="1">
                            <lines>
                                <line hits="18" number="1099" branch="false"/>
                            </lines>
                        </method>
                        <method name="&lt;shvproto::rpcvalue::RpcValue&gt;::as_usize" signature="" complexity="0" line-rate="0" branch-rate="0">
                            <lines>
                                <line hits="0" number="1022" branch="false"/>
                            </lines>
                        </method>
                        <method name="&lt;shvproto::rpcvalue::RpcValue&gt;::has_meta" signature="" complexity="0" line-rate="0" branch-rate="0">
                            <lines>
                                <line hits="0" number="947" branch="false"/>
                            </lines>
                        </method>
                        <method name="&lt;shvproto::rpcvalue::RpcValue&gt;::meta_mut" signature="" complexity="0" line-rate="0" branch-rate="0">
                            <lines>
                                <line hits="0" number="956" branch="false"/>
                            </lines>
                        </method>
                        <method name="&lt;shvproto::rpcvalue::RpcValue&gt;::set_meta" signature="" complexity="0" line-rate="0" branch-rate="0">
                            <lines>
                                <line hits="0" number="943" branch="false"/>
                            </lines>
                        </method>
                        <method name="&lt;shvproto::rpcvalue::RpcValue&gt;::from_cpon" signature="" complexity="0" line-rate="1" branch-rate="1">
                            <lines>
                                <line hits="58" number="1120" branch="false"/>
                            </lines>
                        </method>
                        <method name="&lt;shvproto::rpcvalue::RpcValue&gt;::is_string" signature="" complexity="0" line-rate="0" branch-rate="0">
                            <lines>
                                <line hits="0" number="857" branch="false"/>
                            </lines>
                        </method>
                        <method name="&lt;shvproto::rpcvalue::RpcValue&gt;::type_name" signature="" complexity="0" line-rate="0" branch-rate="0">
                            <lines>
                                <line hits="0" number="970" branch="false"/>
                            </lines>
                        </method>
                        <method name="&lt;shvproto::rpcvalue::RpcValue&gt;::value_mut" signature="" complexity="0" line-rate="0" branch-rate="0">
                            <lines>
                                <line hits="0" number="966" branch="false"/>
                            </lines>
                        </method>
                        <method name="shvproto::rpcvalue::format_err_try_from" signature="" complexity="0" line-rate="1" branch-rate="1">
                            <lines>
                                <line hits="5" number="355" branch="false"/>
                            </lines>
                        </method>
                        <method name="shvproto::rpcvalue::format_err_try_from" signature="" complexity="0" line-rate="0" branch-rate="0">
                            <lines>
                                <line hits="0" number="355" branch="false"/>
                            </lines>
                        </method>
                        <method name="shvproto::rpcvalue::test::rpcval_new" signature="" complexity="0" line-rate="1" branch-rate="1">
                            <lines>
                                <line hits="1" number="1186" branch="false"/>
                            </lines>
                        </method>
                        <method name="shvproto::rpcvalue::test::size" signature="" complexity="0" line-rate="1" branch-rate="1">
                            <lines>
                                <line hits="1" number="1173" branch="false"/>
                            </lines>
                        </method>
                        <method name="&lt;alloc::vec::Vec&lt;_&gt; as core::convert::TryFrom&lt;&amp;shvproto::rpcvalue::RpcValue&gt;&gt;::try_from" signature="" complexity="0" line-rate="0" branch-rate="0">
                            <lines>
                                <line hits="0" number="752" branch="false"/>
                            </lines>
                        </method>
                        <method name="&lt;alloc::vec::Vec&lt;_&gt; as core::convert::TryFrom&lt;shvproto::rpcvalue::RpcValue&gt;&gt;::try_from" signature="" complexity="0" line-rate="0" branch-rate="0">
                            <lines>
                                <line hits="0" number="770" branch="false"/>
                            </lines>
                        </method>
                        <method name="&lt;alloc::collections::btree::map::BTreeMap&lt;alloc::string::String, _&gt; as core::convert::TryFrom&lt;&amp;shvproto::rpcvalue::RpcValue&gt;&gt;::try_from" signature="" complexity="0" line-rate="0" branch-rate="0">
                            <lines>
                                <line hits="0" number="788" branch="false"/>
                            </lines>
                        </method>
                        <method name="&lt;alloc::collections::btree::map::BTreeMap&lt;alloc::string::String, _&gt; as core::convert::TryFrom&lt;shvproto::rpcvalue::RpcValue&gt;&gt;::try_from" signature="" complexity="0" line-rate="0" branch-rate="0">
                            <lines>
                                <line hits="0" number="807" branch="false"/>
                            </lines>
                        </method>
                        <method name="&lt;alloc::collections::btree::map::BTreeMap&lt;i32, _&gt; as core::convert::TryFrom&lt;&amp;shvproto::rpcvalue::RpcValue&gt;&gt;::try_from" signature="" complexity="0" line-rate="0" branch-rate="0">
                            <lines>
                                <line hits="0" number="823" branch="false"/>
                            </lines>
                        </method>
                        <method name="&lt;alloc::collections::btree::map::BTreeMap&lt;i32, _&gt; as core::convert::TryFrom&lt;shvproto::rpcvalue::RpcValue&gt;&gt;::try_from" signature="" complexity="0" line-rate="0" branch-rate="0">
                            <lines>
                                <line hits="0" number="842" branch="false"/>
                            </lines>
                        </method>
                        <method name="&lt;shvproto::rpcvalue::Value as core::convert::From&lt;chrono::datetime::DateTime&lt;_&gt;&gt;&gt;::from" signature="" complexity="0" line-rate="0" branch-rate="0">
                            <lines>
                                <line hits="0" number="190" branch="false"/>
                            </lines>
                        </method>
                        <method name="&lt;shvproto::rpcvalue::RpcValue as core::convert::From&lt;chrono::datetime::DateTime&lt;_&gt;&gt;&gt;::from" signature="" complexity="0" line-rate="0" branch-rate="0">
                            <lines>
                                <line hits="0" number="225" branch="false"/>
                            </lines>
                        </method>
                        <method name="&lt;shvproto::rpcvalue::RpcValue as core::convert::From&lt;core::option::Option&lt;_&gt;&gt;&gt;::from" signature="" complexity="0" line-rate="0" branch-rate="0">
                            <lines>
                                <line hits="0" number="246" branch="false"/>
                            </lines>
                        </method>
                        <method name="&lt;shvproto::rpcvalue::RpcValue as core::convert::From&lt;core::option::Option&lt;_&gt;&gt;&gt;::from" signature="" complexity="0" line-rate="0" branch-rate="0">
                            <lines>
                                <line hits="0" number="246" branch="false"/>
                            </lines>
                        </method>
[...]
                        <line branch="false" hits="23" number="141"/>
                        <line branch="false" hits="17" number="142"/>
                        <line branch="false" hits="17" number="143"/>
                        <line branch="false" hits="17" number="144"/>
                        <line branch="false" hits="17" number="145"/>
                        <line branch="false" hits="17" number="146"/>
                        <line branch="false" hits="17" number="147"/>
                        <line branch="false" hits="17" number="148"/>
                        <line branch="false" hits="17" number="149"/>
                        <line branch="false" hits="17" number="150"/>
                        <line branch="false" hits="17" number="151"/>
                        <line branch="false" hits="17" number="152"/>
                        <line branch="false" hits="17" number="153"/>
                        <line branch="false" hits="6" number="155"/>
                        <line branch="false" hits="6" number="156"/>
                        <line branch="false" hits="6" number="157"/>
                        <line branch="false" hits="6" number="158"/>
                        <line branch="false" hits="6" number="159"/>
                        <line branch="false" hits="6" number="160"/>
                        <line branch="false" hits="6" number="161"/>
                        <line branch="false" hits="6" number="162"/>
                        <line branch="false" hits="6" number="163"/>
                        <line branch="false" hits="6" number="164"/>
                        <line branch="false" hits="6" number="165"/>
                        <line branch="false" hits="6" number="166"/>
                        <line branch="false" hits="6" number="167"/>
                        <line branch="false" hits="6" number="168"/>
                        <line branch="false" hits="6" number="169"/>
                        <line branch="false" hits="6" number="170"/>
                        <line branch="false" hits="6" number="171"/>
                        <line branch="false" hits="6" number="172"/>
                        <line branch="false" hits="6" number="173"/>
                        <line branch="false" hits="6" number="174"/>
                        <line branch="false" hits="6" number="175"/>
                        <line branch="false" hits="6" number="176"/>
                        <line branch="false" hits="6" number="177"/>
                        <line branch="false" hits="6" number="178"/>
                        <line branch="false" hits="6" number="179"/>
                        <line branch="false" hits="6" number="180"/>
                        <line branch="false" hits="6" number="181"/>
                        <line branch="false" hits="6" number="182"/>
                        <line branch="false" hits="6" number="183"/>
                        <line branch="false" hits="6" number="184"/>
                        <line branch="false" hits="6" number="185"/>
                        <line branch="false" hits="6" number="186"/>
                        <line branch="false" hits="6" number="187"/>
                        <line branch="false" hits="6" number="188"/>
                        <line branch="false" hits="6" number="189"/>
                        <line branch="false" hits="6" number="190"/>
                        <line branch="false" hits="6" number="191"/>
                        <line branch="false" hits="6" number="192"/>
                        <line branch="false" hits="6" number="193"/>
                        <line branch="false" hits="6" number="194"/>
                        <line branch="false" hits="6" number="195"/>
                        <line branch="false" hits="6" number="196"/>
                        <line branch="false" hits="6" number="197"/>
                        <line branch="false" hits="6" number="198"/>
                        <line branch="false" hits="6" number="199"/>
                        <line branch="false" hits="6" number="200"/>
                        <line branch="false" hits="6" number="201"/>
                        <line branch="false" hits="6" number="202"/>
                        <line branch="false" hits="6" number="203"/>
                        <line branch="false" hits="6" number="204"/>
                        <line branch="false" hits="6" number="205"/>
                        <line branch="false" hits="6" number="206"/>
                        <line branch="false" hits="6" number="207"/>
                        <line branch="false" hits="6" number="208"/>
                        <line branch="false" hits="6" number="209"/>
                        <line branch="false" hits="6" number="210"/>
                        <line branch="false" hits="6" number="211"/>
                        <line branch="false" hits="6" number="212"/>
                        <line branch="false" hits="6" number="213"/>
                        <line branch="false" hits="6" number="214"/>
                        <line branch="false" hits="6" number="215"/>
                        <line branch="false" hits="6" number="216"/>
                        <line branch="false" hits="6" number="217"/>
                        <line branch="false" hits="6" number="218"/>
                        <line branch="false" hits="7" number="220"/>
                        <line branch="false" hits="7" number="221"/>
                        <line branch="false" hits="7" number="222"/>
                        <line branch="false" hits="7" number="223"/>
                        <line branch="false" hits="7" number="224"/>
                        <line branch="false" hits="7" number="225"/>
                        <line branch="false" hits="7" number="226"/>
                        <line branch="false" hits="7" number="227"/>
                        <line branch="false" hits="7" number="228"/>
                        <line branch="false" hits="40" number="229"/>
                        <line branch="false" hits="33" number="230"/>
                        <line branch="false" hits="33" number="231"/>
                        <line branch="false" hits="23" number="232"/>
                        <line branch="false" hits="23" number="233"/>
                        <line branch="false" hits="23" number="234"/>
                        <line branch="false" hits="23" number="235"/>
                        <line branch="false" hits="23" number="236"/>
                        <line branch="false" hits="23" number="237"/>
                        <line branch="false" hits="33" number="238"/>
                        <line branch="false" hits="22" number="239"/>
                        <line branch="false" hits="22" number="240"/>
                        <line branch="false" hits="0" number="241"/>
                        <line branch="false" hits="22" number="242"/>
                        <line branch="false" hits="22" number="243"/>
                        <line branch="false" hits="22" number="244"/>
                        <line branch="false" hits="22" number="245"/>
                        <line branch="false" hits="22" number="246"/>
                        <line branch="false" hits="22" number="247"/>
                        <line branch="false" hits="22" number="248"/>
                        <line branch="false" hits="22" number="249"/>
                        <line branch="false" hits="22" number="251"/>
                        <line branch="false" hits="22" number="252"/>
                        <line branch="false" hits="22" number="253"/>
                        <line branch="false" hits="19" number="254"/>
                        <line branch="false" hits="15" number="255"/>
                        <line branch="false" hits="14" number="256"/>
                        <line branch="false" hits="13" number="257"/>
                        <line branch="false" hits="12" number="258"/>
                        <line branch="false" hits="11" number="259"/>
                        <line branch="false" hits="10" number="260"/>
                        <line branch="false" hits="8" number="261"/>
                        <line branch="false" hits="7" number="262"/>
                        <line branch="false" hits="6" number="263"/>
                        <line branch="false" hits="1" number="264"/>
                        <line branch="false" hits="0" number="265"/>
                        <line branch="false" hits="1" number="266"/>
                        <line branch="false" hits="1" number="267"/>
                        <line branch="false" hits="0" number="268"/>
                        <line branch="false" hits="0" number="269"/>
                        <line branch="false" hits="0" number="270"/>
                        <line branch="false" hits="0" number="271"/>
                        <line branch="false" hits="0" number="272"/>
                        <line branch="false" hits="0" number="273"/>
                        <line branch="false" hits="0" number="274"/>
                        <line branch="false" hits="0" number="275"/>
                        <line branch="false" hits="1" number="276"/>
                        <line branch="false" hits="1" number="277"/>
                        <line branch="false" hits="1" number="278"/>
                        <line branch="false" hits="5" number="280"/>
                        <line branch="false" hits="4" number="282"/>
                        <line branch="false" hits="0" number="283"/>
                        <line branch="false" hits="0" number="284"/>
                        <line branch="false" hits="0" number="285"/>
                        <line branch="false" hits="0" number="286"/>
                        <line branch="false" hits="0" number="287"/>
                        <line branch="false" hits="0" number="288"/>
                        <line branch="false" hits="4" number="289"/>
                        <line branch="false" hits="4" number="290"/>
                        <line branch="false" hits="4" number="291"/>
                        <line branch="false" hits="4" number="292"/>
                        <line branch="false" hits="4" number="293"/>
                        <line branch="false" hits="4" number="294"/>
                        <line branch="false" hits="4" number="295"/>
                        <line branch="false" hits="4" number="296"/>
                        <line branch="false" hits="4" number="297"/>
                        <line branch="false" hits="0" number="301"/>
                        <line branch="false" hits="5" number="303"/>
                        <line branch="false" hits="5" number="304"/>
                        <line branch="false" hits="5" number="305"/>
                        <line branch="false" hits="5" number="306"/>
                        <line branch="false" hits="5" number="307"/>
                        <line branch="false" hits="5" number="308"/>
                        <line branch="false" hits="5" number="309"/>
                        <line branch="false" hits="6" number="310"/>
                        <line branch="false" hits="6" number="311"/>
                        <line branch="false" hits="0" number="312"/>
                        <line branch="false" hits="0" number="313"/>
                        <line branch="false" hits="0" number="314"/>
                        <line branch="false" hits="0" number="315"/>
                        <line branch="false" hits="0" number="316"/>
                        <line branch="false" hits="6" number="317"/>
                        <line branch="false" hits="6" number="318"/>
                        <line branch="false" hits="6" number="319"/>
                        <line branch="false" hits="6" number="320"/>
                        <line branch="false" hits="6" number="321"/>
                        <line branch="false" hits="6" number="322"/>
                        <line branch="false" hits="22" number="324"/>
                        <line branch="false" hits="16" number="325"/>
                        <line branch="false" hits="16" number="326"/>
                        <line branch="false" hits="16" number="327"/>
                        <line branch="false" hits="16" number="328"/>
                        <line branch="false" hits="16" number="329"/>
                        <line branch="false" hits="16" number="330"/>
                        <line branch="false" hits="16" number="331"/>
                        <line branch="false" hits="16" number="332"/>
                        <line branch="false" hits="16" number="333"/>
                        <line branch="false" hits="16" number="334"/>
                        <line branch="false" hits="16" number="335"/>
                        <line branch="false" hits="16" number="336"/>
                        <line branch="false" hits="6" number="338"/>
                        <line branch="false" hits="3" number="339"/>
                        <line branch="false" hits="3" number="340"/>
                        <line branch="false" hits="3" number="341"/>
                        <line branch="false" hits="3" number="342"/>
                        <line branch="false" hits="3" number="343"/>
                        <line branch="false" hits="3" number="344"/>
                        <line branch="false" hits="3" number="345"/>
                        <line branch="false" hits="3" number="346"/>
                        <line branch="false" hits="3" number="347"/>
                        <line branch="false" hits="3" number="348"/>
                        <line branch="false" hits="3" number="349"/>
                        <line branch="false" hits="3" number="350"/>
                        <line branch="false" hits="6" number="352"/>
                        <line branch="false" hits="6" number="353"/>
                        <line branch="false" hits="6" number="354"/>
                        <line branch="false" hits="6" number="355"/>
                        <line branch="false" hits="6" number="356"/>
                        <line branch="false" hits="6" number="357"/>
                        <line branch="false" hits="6" number="358"/>
                        <line branch="false" hits="6" number="360"/>
                        <line branch="false" hits="6" number="361"/>
                        <line branch="false" hits="6" number="362"/>
                        <line branch="false" hits="6" number="363"/>
                        <line branch="false" hits="6" number="364"/>
                        <line branch="false" hits="6" number="365"/>
                        <line branch="false" hits="6" number="366"/>
                        <line branch="false" hits="6" number="367"/>
                        <line branch="false" hits="6" number="368"/>
                        <line branch="false" hits="7" number="373"/>
                        <line branch="false" hits="2" number="374"/>
                        <line branch="false" hits="1" number="375"/>
                        <line branch="false" hits="1" number="376"/>
                        <line branch="false" hits="1" number="377"/>
                        <line branch="false" hits="1" number="378"/>
                        <line branch="false" hits="1" number="379"/>
                        <line branch="false" hits="1" number="380"/>
                        <line branch="false" hits="1" number="381"/>
                        <line branch="false" hits="1" number="382"/>
                        <line branch="false" hits="1" number="383"/>
                        <line branch="false" hits="1" number="384"/>
                        <line branch="false" hits="1" number="385"/>
                        <line branch="false" hits="1" number="386"/>
                        <line branch="false" hits="1" number="387"/>
                        <line branch="false" hits="1" number="388"/>
                        <line branch="false" hits="1" number="389"/>
                        <line branch="false" hits="2" number="391"/>
                        <line branch="false" hits="2" number="392"/>
                        <line branch="false" hits="2" number="393"/>
                        <line branch="false" hits="2" number="394"/>
                        <line branch="false" hits="2" number="395"/>
                        <line branch="false" hits="2" number="396"/>
                        <line branch="false" hits="2" number="397"/>
                        <line branch="false" hits="2" number="398"/>
                        <line branch="false" hits="2" number="399"/>
                        <line branch="false" hits="2" number="400"/>
                        <line branch="false" hits="5" number="401"/>
                        <line branch="false" hits="7" number="403"/>
                        <line branch="false" hits="4" number="404"/>
                        <line branch="false" hits="4" number="405"/>
                        <line branch="false" hits="2" number="406"/>
                        <line branch="false" hits="2" number="407"/>
                        <line branch="false" hits="2" number="408"/>
                        <line branch="false" hits="2" number="409"/>
                        <line branch="false" hits="2" number="410"/>
                        <line branch="false" hits="2" number="411"/>
                        <line branch="false" hits="4" number="412"/>
                        <line branch="false" hits="4" number="413"/>
                        <line branch="false" hits="4" number="414"/>
                        <line branch="false" hits="4" number="415"/>
                        <line branch="false" hits="4" number="416"/>
                        <line branch="false" hits="3" number="417"/>
                        <line branch="false" hits="7" number="419"/>
                        <line branch="false" hits="7" number="420"/>
                        <line branch="false" hits="7" number="421"/>
                        <line branch="false" hits="7" number="422"/>
                        <line branch="false" hits="7" number="423"/>
                        <line branch="false" hits="7" number="424"/>
                        <line branch="false" hits="7" number="425"/>
                        <line branch="false" hits="7" number="426"/>
                        <line branch="false" hits="7" number="427"/>
                        <line branch="false" hits="7" number="428"/>
                        <line branch="false" hits="7" number="429"/>
                        <line branch="false" hits="7" number="430"/>
                        <line branch="false" hits="7" number="431"/>
                        <line branch="false" hits="7" number="432"/>
                        <line branch="false" hits="7" number="433"/>
                        <line branch="false" hits="7" number="434"/>
                        <line branch="false" hits="7" number="435"/>
                        <line branch="false" hits="7" number="436"/>
                        <line branch="false" hits="7" number="437"/>
                        <line branch="false" hits="7" number="438"/>
                        <line branch="false" hits="7" number="439"/>
                        <line branch="false" hits="7" number="440"/>
                        <line branch="false" hits="7" number="441"/>
                        <line branch="false" hits="7" number="442"/>
                        <line branch="false" hits="7" number="443"/>
                        <line branch="false" hits="7" number="444"/>
                        <line branch="false" hits="0" number="446"/>
                        <line branch="false" hits="13" number="447"/>
                        <line branch="false" hits="13" number="448"/>
                    </lines>
                </class>
            </classes>
        </package>
    </packages>
</coverage>